<?xml version="1.0" encoding="UTF-8"?>
<!-- Generated by org.testng.reporters.JUnitXMLReporter -->
<testsuite hostname="DESKTOP-C1OCHCD" ignored="4" name="Default test(failed)(failed)" tests="1" failures="1" timestamp="2022-08-29T10:47:09 IST" time="0.134" errors="0">
  <testcase name="tc01" time="0.04" classname="org.practice.Assert">
    <failure type="java.lang.AssertionError" message="did not expect [Kishore] but found [Kishore]">
      <![CDATA[java.lang.AssertionError: did not expect [Kishore] but found [Kishore]
at org.practice.Assert.tc01(Assert.java:10)
at java.util.ArrayList.forEach(Unknown Source)
... Removed 32 stack frames]]>
    </failure>
  </testcase> <!-- tc01 -->
  <testcase name="tc03" time="0.0" classname="org.practice.Assert">
    <ignored/>
  </testcase> <!-- tc03 -->
  <testcase name="tc02" time="0.0" classname="org.practice.Assert">
    <ignored/>
  </testcase> <!-- tc02 -->
  <testcase name="tc05" time="0.0" classname="org.practice.Assert">
    <ignored/>
  </testcase> <!-- tc05 -->
  <testcase name="tc04" time="0.0" classname="org.practice.Assert">
    <ignored/>
  </testcase> <!-- tc04 -->
</testsuite> <!-- Default test(failed)(failed) -->
